c:\users\m017735i\onedrive - staffordshire university\github\aiframework 2022\x64\debug\vc142.pdb
c:\users\m017735i\onedrive - staffordshire university\github\aiframework 2022\x64\debug\waypointmanager.obj
c:\users\m017735i\onedrive - staffordshire university\github\aiframework 2022\x64\debug\waypoint.obj
c:\users\m017735i\onedrive - staffordshire university\github\aiframework 2022\x64\debug\vehicle.obj
c:\users\m017735i\onedrive - staffordshire university\github\aiframework 2022\x64\debug\pickupitem.obj
c:\users\m017735i\onedrive - staffordshire university\github\aiframework 2022\x64\debug\main.obj
c:\users\m017735i\onedrive - staffordshire university\github\aiframework 2022\x64\debug\drawablegameobject.obj
c:\users\m017735i\onedrive - staffordshire university\github\aiframework 2022\x64\debug\ddstextureloader.obj
c:\users\m017735i\onedrive - staffordshire university\github\aiframework 2022\x64\debug\collisionhelper.obj
c:\users\m017735i\onedrive - staffordshire university\github\aiframework 2022\x64\debug\collidable.obj
c:\users\m017735i\onedrive - staffordshire university\github\aiframework 2022\x64\debug\background.obj
c:\users\m017735i\onedrive - staffordshire university\github\aiframework 2022\x64\debug\aimanager.obj
c:\users\m017735i\onedrive - staffordshire university\github\aiframework 2022\x64\debug\aiframework.ilk
c:\users\m017735i\onedrive - staffordshire university\github\aiframework 2022\x64\debug\aiframework.exe
c:\users\m017735i\onedrive - staffordshire university\github\aiframework 2022\x64\debug\aiframework.pdb
c:\users\m017735i\onedrive - staffordshire university\github\aiframework 2022\x64\debug\aiframework.res
c:\users\m017735i\onedrive - staffordshire university\github\aiframework\x64\debug\aiframework.res
c:\users\m017735i\onedrive - staffordshire university\github\aiframework\x64\debug\aimanager.obj
c:\users\m017735i\onedrive - staffordshire university\github\aiframework\x64\debug\background.obj
c:\users\m017735i\onedrive - staffordshire university\github\aiframework\x64\debug\collidable.obj
c:\users\m017735i\onedrive - staffordshire university\github\aiframework\x64\debug\collisionhelper.obj
c:\users\m017735i\onedrive - staffordshire university\github\aiframework\x64\debug\ddstextureloader.obj
c:\users\m017735i\onedrive - staffordshire university\github\aiframework\x64\debug\drawablegameobject.obj
c:\users\m017735i\onedrive - staffordshire university\github\aiframework\x64\debug\main.obj
c:\users\m017735i\onedrive - staffordshire university\github\aiframework\x64\debug\pickupitem.obj
c:\users\m017735i\onedrive - staffordshire university\github\aiframework\x64\debug\vehicle.obj
c:\users\m017735i\onedrive - staffordshire university\github\aiframework\x64\debug\waypoint.obj
c:\users\m017735i\onedrive - staffordshire university\github\aiframework\x64\debug\waypointmanager.obj
c:\users\m017735i\onedrive - staffordshire university\github\aiframework\x64\debug\aiframework.pdb
c:\users\m017735i\onedrive - staffordshire university\github\aiframework\x64\debug\vc142.pdb
c:\users\m017735i\onedrive - staffordshire university\github\aiframework\x64\debug\aiframework.tlog\cl.command.1.tlog
c:\users\m017735i\onedrive - staffordshire university\github\aiframework\x64\debug\aiframework.tlog\cl.read.1.tlog
c:\users\m017735i\onedrive - staffordshire university\github\aiframework\x64\debug\aiframework.tlog\cl.write.1.tlog
c:\users\m017735i\onedrive - staffordshire university\github\aiframework\x64\debug\aiframework.tlog\link-cvtres.read.1.tlog
c:\users\m017735i\onedrive - staffordshire university\github\aiframework\x64\debug\aiframework.tlog\link-cvtres.write.1.tlog
c:\users\m017735i\onedrive - staffordshire university\github\aiframework\x64\debug\aiframework.tlog\link-mt.read.1.tlog
c:\users\m017735i\onedrive - staffordshire university\github\aiframework\x64\debug\aiframework.tlog\link-mt.write.1.tlog
c:\users\m017735i\onedrive - staffordshire university\github\aiframework\x64\debug\aiframework.tlog\link-rc.read.1.tlog
c:\users\m017735i\onedrive - staffordshire university\github\aiframework\x64\debug\aiframework.tlog\link-rc.write.1.tlog
c:\users\m017735i\onedrive - staffordshire university\github\aiframework\x64\debug\aiframework.tlog\link.command.1.tlog
c:\users\m017735i\onedrive - staffordshire university\github\aiframework\x64\debug\aiframework.tlog\link.read.1.tlog
c:\users\m017735i\onedrive - staffordshire university\github\aiframework\x64\debug\aiframework.tlog\link.write.1.tlog
c:\users\m017735i\onedrive - staffordshire university\github\aiframework\x64\debug\aiframework.tlog\rc.command.1.tlog
c:\users\m017735i\onedrive - staffordshire university\github\aiframework\x64\debug\aiframework.tlog\rc.read.1.tlog
c:\users\m017735i\onedrive - staffordshire university\github\aiframework\x64\debug\aiframework.tlog\rc.write.1.tlog
